<?xml version="1.0" encoding="UTF-8"?>
<!-- Generated by org.testng.reporters.JUnitReportReporter -->
<testsuite skipped="0" hostname="LAPTOP-HHN7D2TC" name="com.ebanking.scripts.SampleNg" tests="2" failures="0" timestamp="2022-03-10T17:31:48 IST" time="39.965" errors="0">
  <testcase name="bcd" time="19.968" classname="com.ebanking.scripts.SampleNg"/>
  <testcase name="abc" time="19.997" classname="com.ebanking.scripts.SampleNg"/>
</testsuite> <!-- com.ebanking.scripts.SampleNg -->
