<?xml version="1.0" encoding="UTF-8"?>
<!-- Generated by org.testng.reporters.JUnitReportReporter -->
<testsuite skipped="0" hostname="LAPTOP-HHN7D2TC" name="com.ebanking.master.RoleNg" tests="3" failures="0" timestamp="2022-03-14T17:15:07 IST" time="30.589" errors="0">
  <testcase name="Rol" time="10.498" classname="com.ebanking.master.RoleNg"/>
  <testcase name="Rol" time="10.308" classname="com.ebanking.master.RoleNg"/>
  <testcase name="Rol" time="9.783" classname="com.ebanking.master.RoleNg"/>
</testsuite> <!-- com.ebanking.master.RoleNg -->
